================================================================================

               TUSTEP Version 2017 ZDV UT - Open Source Software

               Tuebinger System von Textverarbeitungs-Programmen
                   Tuebingen System of Text Processing tools

            @@@@@@@@  @@   @@    @@@@@   @@@@@@@@  @@@@@@@  @@@@@@
               @@     @@   @@   @@   @@     @@     @@       @@   @@
               @@     @@   @@   @@          @@     @@       @@   @@
               @@     @@   @@    @@@@@      @@     @@@@@    @@@@@@
               @@     @@   @@        @@     @@     @@       @@
               @@     @@   @@   @@   @@     @@     @@       @@
               @@      @@@@@     @@@@@      @@     @@@@@@@  @@

                       Nutzungsbedingungen / terms of use
                 http://www.tustep.uni-tuebingen.de/lizenz.html
               oder TUSTEP-Kommando / or TUSTEP command: #*lizenz

================================================================================
****          Beginn der Sitzung 999 / TUSTEP von Projekt KURS17TR          ****
================================================================================

  =====  Übernahme der Variablen VAR1 = Gustav hat funktioniert!

  =====  Ende der Verarbeitung
================================================================================
****           Ende der Sitzung 999 / TUSTEP von Projekt KURS17TR           ****
================================================================================

